0 info it worked if it ends with ok
1 verbose cli [ '/usr/local/Cellar/node/6.2.0/bin/node',
1 verbose cli   '/usr/local/bin/npm',
1 verbose cli   'install',
1 verbose cli   '--save',
1 verbose cli   'protobuf' ]
2 info using npm@3.8.5
3 info using node@v6.2.0
4 silly loadCurrentTree Starting
5 silly install loadCurrentTree
6 silly install readLocalPackageData
7 silly fetchPackageMetaData protobuf
8 silly fetchNamedPackageData protobuf
9 silly mapToRegistry name protobuf
10 silly mapToRegistry using default registry
11 silly mapToRegistry registry https://registry.npmjs.org/
12 silly mapToRegistry data Result {
12 silly mapToRegistry   raw: 'protobuf',
12 silly mapToRegistry   scope: null,
12 silly mapToRegistry   name: 'protobuf',
12 silly mapToRegistry   rawSpec: '',
12 silly mapToRegistry   spec: 'latest',
12 silly mapToRegistry   type: 'tag' }
13 silly mapToRegistry uri https://registry.npmjs.org/protobuf
14 verbose request uri https://registry.npmjs.org/protobuf
15 verbose request no auth needed
16 info attempt registry request try #1 at 2:29:16 PM
17 verbose request using bearer token for auth
18 verbose request id 27fdeacdfac2786b
19 http request GET https://registry.npmjs.org/protobuf
20 http 200 https://registry.npmjs.org/protobuf
21 verbose headers { server: 'nginx/1.10.1',
21 verbose headers   'content-type': 'application/json',
21 verbose headers   'last-modified': 'Tue, 17 Jun 2014 11:56:54 GMT',
21 verbose headers   etag: 'W/"53a02d06-307e"',
21 verbose headers   'content-encoding': 'gzip',
21 verbose headers   'cache-control': 'max-age=300',
21 verbose headers   'transfer-encoding': 'chunked',
21 verbose headers   'accept-ranges': 'bytes',
21 verbose headers   date: 'Wed, 18 Jan 2017 22:29:16 GMT',
21 verbose headers   via: '1.1 varnish',
21 verbose headers   connection: 'keep-alive',
21 verbose headers   'x-served-by': 'cache-sjc3123-SJC',
21 verbose headers   'x-cache': 'MISS',
21 verbose headers   'x-cache-hits': '0',
21 verbose headers   'x-timer': 'S1484778556.421826,VS0,VE29',
21 verbose headers   vary: 'Accept-Encoding' }
22 silly get cb [ 200,
22 silly get   { server: 'nginx/1.10.1',
22 silly get     'content-type': 'application/json',
22 silly get     'last-modified': 'Tue, 17 Jun 2014 11:56:54 GMT',
22 silly get     etag: 'W/"53a02d06-307e"',
22 silly get     'content-encoding': 'gzip',
22 silly get     'cache-control': 'max-age=300',
22 silly get     'transfer-encoding': 'chunked',
22 silly get     'accept-ranges': 'bytes',
22 silly get     date: 'Wed, 18 Jan 2017 22:29:16 GMT',
22 silly get     via: '1.1 varnish',
22 silly get     connection: 'keep-alive',
22 silly get     'x-served-by': 'cache-sjc3123-SJC',
22 silly get     'x-cache': 'MISS',
22 silly get     'x-cache-hits': '0',
22 silly get     'x-timer': 'S1484778556.421826,VS0,VE29',
22 silly get     vary: 'Accept-Encoding' } ]
23 verbose get saving protobuf to /Users/james/.npm/registry.npmjs.org/protobuf/.cache.json
24 verbose correctMkdir /Users/james/.npm correctMkdir not in flight; initializing
25 silly install normalizeTree
26 silly loadCurrentTree Finishing
27 silly loadIdealTree Starting
28 silly install loadIdealTree
29 silly cloneCurrentTree Starting
30 silly install cloneCurrentTreeToIdealTree
31 silly cloneCurrentTree Finishing
32 silly loadShrinkwrap Starting
33 silly install loadShrinkwrap
34 silly loadShrinkwrap Finishing
35 silly loadAllDepsIntoIdealTree Starting
36 silly install loadAllDepsIntoIdealTree
37 silly resolveWithNewModule protobuf@0.11.0 checking installable status
38 silly cache add args [ 'protobuf', null ]
39 verbose cache add spec protobuf
40 silly cache add parsed spec Result {
40 silly cache add   raw: 'protobuf',
40 silly cache add   scope: null,
40 silly cache add   name: 'protobuf',
40 silly cache add   rawSpec: '',
40 silly cache add   spec: 'latest',
40 silly cache add   type: 'tag' }
41 silly addNamed protobuf@latest
42 verbose addNamed "latest" is being treated as a dist-tag for protobuf
43 info addNameTag [ 'protobuf', 'latest' ]
44 silly mapToRegistry name protobuf
45 silly mapToRegistry using default registry
46 silly mapToRegistry registry https://registry.npmjs.org/
47 silly mapToRegistry data Result {
47 silly mapToRegistry   raw: 'protobuf',
47 silly mapToRegistry   scope: null,
47 silly mapToRegistry   name: 'protobuf',
47 silly mapToRegistry   rawSpec: '',
47 silly mapToRegistry   spec: 'latest',
47 silly mapToRegistry   type: 'tag' }
48 silly mapToRegistry uri https://registry.npmjs.org/protobuf
49 verbose addNameTag registry:https://registry.npmjs.org/protobuf not in flight; fetching
50 verbose get https://registry.npmjs.org/protobuf not expired, no request
51 silly addNameTag next cb for protobuf with tag latest
52 silly addNamed protobuf@0.11.0
53 verbose addNamed "0.11.0" is a plain semver version for protobuf
54 silly mapToRegistry name protobuf
55 silly mapToRegistry using default registry
56 silly mapToRegistry registry https://registry.npmjs.org/
57 silly mapToRegistry data Result {
57 silly mapToRegistry   raw: 'protobuf',
57 silly mapToRegistry   scope: null,
57 silly mapToRegistry   name: 'protobuf',
57 silly mapToRegistry   rawSpec: '',
57 silly mapToRegistry   spec: 'latest',
57 silly mapToRegistry   type: 'tag' }
58 silly mapToRegistry uri https://registry.npmjs.org/protobuf
59 verbose addRemoteTarball https://registry.npmjs.org/protobuf/-/protobuf-0.11.0.tgz not in flight; adding
60 verbose addRemoteTarball [ 'https://registry.npmjs.org/protobuf/-/protobuf-0.11.0.tgz',
60 verbose addRemoteTarball   'a771407191bf46ace8aa2733afb76b5a884d3c05' ]
61 info retry fetch attempt 1 at 2:29:16 PM
62 info attempt registry request try #1 at 2:29:16 PM
63 http fetch GET https://registry.npmjs.org/protobuf/-/protobuf-0.11.0.tgz
64 verbose request using bearer token for auth
65 http fetch 200 https://registry.npmjs.org/protobuf/-/protobuf-0.11.0.tgz
66 silly fetchAndShaCheck shasum a771407191bf46ace8aa2733afb76b5a884d3c05
67 verbose addTmpTarball /var/folders/wk/06kbyf1j3wjg_r10ntk6xpwc0000gn/T/npm-2627-d60fde56/registry.npmjs.org/protobuf/-/protobuf-0.11.0.tgz not in flight; adding
68 verbose addTmpTarball already have metadata; skipping unpack for protobuf@0.11.0
69 verbose correctMkdir /Users/james/.npm correctMkdir not in flight; initializing
70 silly cache afterAdd protobuf@0.11.0
71 verbose afterAdd /Users/james/.npm/protobuf/0.11.0/package/package.json not in flight; writing
72 verbose correctMkdir /Users/james/.npm correctMkdir not in flight; initializing
73 verbose afterAdd /Users/james/.npm/protobuf/0.11.0/package/package.json written
74 silly fetchNamedPackageData nan
75 silly mapToRegistry name nan
76 silly mapToRegistry using default registry
77 silly mapToRegistry registry https://registry.npmjs.org/
78 silly mapToRegistry data Result {
78 silly mapToRegistry   raw: 'nan',
78 silly mapToRegistry   scope: null,
78 silly mapToRegistry   name: 'nan',
78 silly mapToRegistry   rawSpec: '',
78 silly mapToRegistry   spec: 'latest',
78 silly mapToRegistry   type: 'tag' }
79 silly mapToRegistry uri https://registry.npmjs.org/nan
80 verbose request uri https://registry.npmjs.org/nan
81 verbose request no auth needed
82 info attempt registry request try #1 at 2:29:17 PM
83 verbose request using bearer token for auth
84 verbose etag W/"585acecf-1d7db"
85 verbose lastModified Wed, 21 Dec 2016 18:49:51 GMT
86 http request GET https://registry.npmjs.org/nan
87 http 304 https://registry.npmjs.org/nan
88 verbose headers { server: 'nginx/1.10.1',
88 verbose headers   'last-modified': 'Wed, 21 Dec 2016 18:49:51 GMT',
88 verbose headers   etag: '"585acecf-1d7db"',
88 verbose headers   'cache-control': 'max-age=300',
88 verbose headers   'accept-ranges': 'bytes',
88 verbose headers   date: 'Wed, 18 Jan 2017 22:29:17 GMT',
88 verbose headers   via: '1.1 varnish',
88 verbose headers   connection: 'keep-alive',
88 verbose headers   'x-served-by': 'cache-sjc3123-SJC',
88 verbose headers   'x-cache': 'MISS',
88 verbose headers   'x-cache-hits': '0',
88 verbose headers   'x-timer': 'S1484778557.080077,VS0,VE21',
88 verbose headers   vary: 'Accept-Encoding' }
89 silly get cb [ 304,
89 silly get   { server: 'nginx/1.10.1',
89 silly get     'last-modified': 'Wed, 21 Dec 2016 18:49:51 GMT',
89 silly get     etag: '"585acecf-1d7db"',
89 silly get     'cache-control': 'max-age=300',
89 silly get     'accept-ranges': 'bytes',
89 silly get     date: 'Wed, 18 Jan 2017 22:29:17 GMT',
89 silly get     via: '1.1 varnish',
89 silly get     connection: 'keep-alive',
89 silly get     'x-served-by': 'cache-sjc3123-SJC',
89 silly get     'x-cache': 'MISS',
89 silly get     'x-cache-hits': '0',
89 silly get     'x-timer': 'S1484778557.080077,VS0,VE21',
89 silly get     vary: 'Accept-Encoding' } ]
90 verbose etag https://registry.npmjs.org/nan from cache
91 verbose get saving nan to /Users/james/.npm/registry.npmjs.org/nan/.cache.json
92 verbose correctMkdir /Users/james/.npm correctMkdir not in flight; initializing
93 silly resolveWithNewModule nan@1.0.0 checking installable status
94 silly cache add args [ 'nan@~1.0.0', null ]
95 verbose cache add spec nan@~1.0.0
96 silly cache add parsed spec Result {
96 silly cache add   raw: 'nan@~1.0.0',
96 silly cache add   scope: null,
96 silly cache add   name: 'nan',
96 silly cache add   rawSpec: '~1.0.0',
96 silly cache add   spec: '>=1.0.0 <1.1.0',
96 silly cache add   type: 'range' }
97 silly addNamed nan@>=1.0.0 <1.1.0
98 verbose addNamed ">=1.0.0 <1.1.0" is a valid semver range for nan
99 silly addNameRange { name: 'nan', range: '>=1.0.0 <1.1.0', hasData: false }
100 silly mapToRegistry name nan
101 silly mapToRegistry using default registry
102 silly mapToRegistry registry https://registry.npmjs.org/
103 silly mapToRegistry data Result {
103 silly mapToRegistry   raw: 'nan',
103 silly mapToRegistry   scope: null,
103 silly mapToRegistry   name: 'nan',
103 silly mapToRegistry   rawSpec: '',
103 silly mapToRegistry   spec: 'latest',
103 silly mapToRegistry   type: 'tag' }
104 silly mapToRegistry uri https://registry.npmjs.org/nan
105 verbose addNameRange registry:https://registry.npmjs.org/nan not in flight; fetching
106 verbose get https://registry.npmjs.org/nan not expired, no request
107 silly addNameRange number 2 { name: 'nan', range: '>=1.0.0 <1.1.0', hasData: true }
108 silly addNameRange versions [ 'nan',
108 silly addNameRange   [ '0.3.0-wip',
108 silly addNameRange     '0.3.0-wip2',
108 silly addNameRange     '0.3.0',
108 silly addNameRange     '0.3.1',
108 silly addNameRange     '0.3.2',
108 silly addNameRange     '0.4.0',
108 silly addNameRange     '0.4.1',
108 silly addNameRange     '0.4.2',
108 silly addNameRange     '0.4.3',
108 silly addNameRange     '0.4.4',
108 silly addNameRange     '0.5.0',
108 silly addNameRange     '0.5.1',
108 silly addNameRange     '0.5.2',
108 silly addNameRange     '0.6.0',
108 silly addNameRange     '0.7.0',
108 silly addNameRange     '0.7.1',
108 silly addNameRange     '0.8.0',
108 silly addNameRange     '1.0.0',
108 silly addNameRange     '1.1.0',
108 silly addNameRange     '1.1.1',
108 silly addNameRange     '1.1.2',
108 silly addNameRange     '1.2.0',
108 silly addNameRange     '1.3.0',
108 silly addNameRange     '1.4.0',
108 silly addNameRange     '1.4.1',
108 silly addNameRange     '1.5.0',
108 silly addNameRange     '1.4.2',
108 silly addNameRange     '1.4.3',
108 silly addNameRange     '1.5.1',
108 silly addNameRange     '1.5.2',
108 silly addNameRange     '1.6.0',
108 silly addNameRange     '1.5.3',
108 silly addNameRange     '1.6.1',
108 silly addNameRange     '1.6.2',
108 silly addNameRange     '1.7.0',
108 silly addNameRange     '1.8.0',
108 silly addNameRange     '1.8.1',
108 silly addNameRange     '1.8.2',
108 silly addNameRange     '1.8.3',
108 silly addNameRange     '1.8.4',
108 silly addNameRange     '1.9.0',
108 silly addNameRange     '2.0.0',
108 silly addNameRange     '2.0.1',
108 silly addNameRange     '2.0.2',
108 silly addNameRange     '2.0.3',
108 silly addNameRange     '2.0.4',
108 silly addNameRange     '2.0.5',
108 silly addNameRange     '2.0.6',
108 silly addNameRange     '2.0.7',
108 silly addNameRange     '2.0.8',
108 silly addNameRange     '2.0.9',
108 silly addNameRange     '2.1.0',
108 silly addNameRange     '2.2.0',
108 silly addNameRange     '2.2.1',
108 silly addNameRange     '2.3.0',
108 silly addNameRange     '2.3.1',
108 silly addNameRange     '2.3.2',
108 silly addNameRange     '2.3.3',
108 silly addNameRange     '2.3.4',
108 silly addNameRange     '2.3.5',
108 silly addNameRange     '2.4.0',
108 silly addNameRange     '2.5.0' ] ]
109 silly addNamed nan@1.0.0
110 verbose addNamed "1.0.0" is a plain semver version for nan
111 silly mapToRegistry name nan
112 silly mapToRegistry using default registry
113 silly mapToRegistry registry https://registry.npmjs.org/
114 silly mapToRegistry data Result {
114 silly mapToRegistry   raw: 'nan',
114 silly mapToRegistry   scope: null,
114 silly mapToRegistry   name: 'nan',
114 silly mapToRegistry   rawSpec: '',
114 silly mapToRegistry   spec: 'latest',
114 silly mapToRegistry   type: 'tag' }
115 silly mapToRegistry uri https://registry.npmjs.org/nan
116 verbose addRemoteTarball https://registry.npmjs.org/nan/-/nan-1.0.0.tgz not in flight; adding
117 verbose addRemoteTarball [ 'https://registry.npmjs.org/nan/-/nan-1.0.0.tgz',
117 verbose addRemoteTarball   'ae24f8850818d662fcab5acf7f3b95bfaa2ccf38' ]
118 info retry fetch attempt 1 at 2:29:17 PM
119 info attempt registry request try #1 at 2:29:17 PM
120 http fetch GET https://registry.npmjs.org/nan/-/nan-1.0.0.tgz
121 verbose request using bearer token for auth
122 http fetch 200 https://registry.npmjs.org/nan/-/nan-1.0.0.tgz
123 silly fetchAndShaCheck shasum ae24f8850818d662fcab5acf7f3b95bfaa2ccf38
124 verbose addTmpTarball /var/folders/wk/06kbyf1j3wjg_r10ntk6xpwc0000gn/T/npm-2627-d60fde56/registry.npmjs.org/nan/-/nan-1.0.0.tgz not in flight; adding
125 verbose addTmpTarball already have metadata; skipping unpack for nan@1.0.0
126 verbose correctMkdir /Users/james/.npm correctMkdir not in flight; initializing
127 silly cache afterAdd nan@1.0.0
128 verbose afterAdd /Users/james/.npm/nan/1.0.0/package/package.json not in flight; writing
129 verbose correctMkdir /Users/james/.npm correctMkdir not in flight; initializing
130 verbose afterAdd /Users/james/.npm/nan/1.0.0/package/package.json written
131 silly loadAllDepsIntoIdealTree Finishing
132 silly idealTree:prePrune DiamondDB@1.0.0
132 silly idealTree:prePrune ├── ansi-regex@2.1.1
132 silly idealTree:prePrune ├── ansi-styles@2.2.1
132 silly idealTree:prePrune ├── babel-code-frame@6.20.0
132 silly idealTree:prePrune ├── babel-core@6.21.0
132 silly idealTree:prePrune ├── babel-generator@6.21.0
132 silly idealTree:prePrune ├── babel-helper-bindify-decorators@6.18.0
132 silly idealTree:prePrune ├── babel-helper-builder-binary-assignment-operator-visitor@6.18.0
132 silly idealTree:prePrune ├── babel-helper-call-delegate@6.18.0
132 silly idealTree:prePrune ├── babel-helper-define-map@6.18.0
132 silly idealTree:prePrune ├── babel-helper-explode-assignable-expression@6.18.0
132 silly idealTree:prePrune ├── babel-helper-explode-class@6.18.0
132 silly idealTree:prePrune ├── babel-helper-function-name@6.18.0
132 silly idealTree:prePrune ├── babel-helper-get-function-arity@6.18.0
132 silly idealTree:prePrune ├── babel-helper-hoist-variables@6.18.0
132 silly idealTree:prePrune ├── babel-helper-optimise-call-expression@6.18.0
132 silly idealTree:prePrune ├── babel-helper-regex@6.18.0
132 silly idealTree:prePrune ├── babel-helper-remap-async-to-generator@6.20.3
132 silly idealTree:prePrune ├── babel-helper-replace-supers@6.18.0
132 silly idealTree:prePrune ├── babel-helpers@6.16.0
132 silly idealTree:prePrune ├── babel-loader@6.2.10
132 silly idealTree:prePrune ├── babel-messages@6.8.0
132 silly idealTree:prePrune ├── babel-plugin-check-es2015-constants@6.8.0
132 silly idealTree:prePrune ├── babel-plugin-syntax-async-functions@6.13.0
132 silly idealTree:prePrune ├── babel-plugin-syntax-async-generators@6.13.0
132 silly idealTree:prePrune ├── babel-plugin-syntax-class-properties@6.13.0
132 silly idealTree:prePrune ├── babel-plugin-syntax-decorators@6.13.0
132 silly idealTree:prePrune ├── babel-plugin-syntax-dynamic-import@6.18.0
132 silly idealTree:prePrune ├── babel-plugin-syntax-exponentiation-operator@6.13.0
132 silly idealTree:prePrune ├── babel-plugin-syntax-object-rest-spread@6.13.0
132 silly idealTree:prePrune ├── babel-plugin-syntax-trailing-function-commas@6.20.0
132 silly idealTree:prePrune ├── babel-plugin-transform-async-generator-functions@6.17.0
132 silly idealTree:prePrune ├── babel-plugin-transform-async-to-generator@6.16.0
132 silly idealTree:prePrune ├── babel-plugin-transform-class-properties@6.19.0
132 silly idealTree:prePrune ├── babel-plugin-transform-decorators@6.13.0
132 silly idealTree:prePrune ├── babel-plugin-transform-es2015-arrow-functions@6.8.0
132 silly idealTree:prePrune ├── babel-plugin-transform-es2015-block-scoped-functions@6.8.0
132 silly idealTree:prePrune ├── babel-plugin-transform-es2015-block-scoping@6.21.0
132 silly idealTree:prePrune ├── babel-plugin-transform-es2015-classes@6.18.0
132 silly idealTree:prePrune ├── babel-plugin-transform-es2015-computed-properties@6.8.0
132 silly idealTree:prePrune ├── babel-plugin-transform-es2015-destructuring@6.19.0
132 silly idealTree:prePrune ├── babel-plugin-transform-es2015-duplicate-keys@6.8.0
132 silly idealTree:prePrune ├── babel-plugin-transform-es2015-for-of@6.18.0
132 silly idealTree:prePrune ├── babel-plugin-transform-es2015-function-name@6.9.0
132 silly idealTree:prePrune ├── babel-plugin-transform-es2015-literals@6.8.0
132 silly idealTree:prePrune ├── babel-plugin-transform-es2015-modules-amd@6.18.0
132 silly idealTree:prePrune ├── babel-plugin-transform-es2015-modules-commonjs@6.18.0
132 silly idealTree:prePrune ├── babel-plugin-transform-es2015-modules-systemjs@6.19.0
132 silly idealTree:prePrune ├── babel-plugin-transform-es2015-modules-umd@6.18.0
132 silly idealTree:prePrune ├── babel-plugin-transform-es2015-object-super@6.8.0
132 silly idealTree:prePrune ├── babel-plugin-transform-es2015-parameters@6.21.0
132 silly idealTree:prePrune ├── babel-plugin-transform-es2015-shorthand-properties@6.18.0
132 silly idealTree:prePrune ├── babel-plugin-transform-es2015-spread@6.8.0
132 silly idealTree:prePrune ├── babel-plugin-transform-es2015-sticky-regex@6.8.0
132 silly idealTree:prePrune ├── babel-plugin-transform-es2015-template-literals@6.8.0
132 silly idealTree:prePrune ├── babel-plugin-transform-es2015-typeof-symbol@6.18.0
132 silly idealTree:prePrune ├── babel-plugin-transform-es2015-unicode-regex@6.11.0
132 silly idealTree:prePrune ├── babel-plugin-transform-exponentiation-operator@6.8.0
132 silly idealTree:prePrune ├── babel-plugin-transform-object-rest-spread@6.20.2
132 silly idealTree:prePrune ├── babel-plugin-transform-regenerator@6.21.0
132 silly idealTree:prePrune ├── babel-plugin-transform-strict-mode@6.18.0
132 silly idealTree:prePrune ├── babel-preset-es2015@6.18.0
132 silly idealTree:prePrune ├── babel-preset-stage-2@6.18.0
132 silly idealTree:prePrune ├── babel-preset-stage-3@6.17.0
132 silly idealTree:prePrune ├── babel-register@6.18.0
132 silly idealTree:prePrune ├── babel-runtime@6.20.0
132 silly idealTree:prePrune ├── babel-template@6.16.0
132 silly idealTree:prePrune ├── babel-traverse@6.21.0
132 silly idealTree:prePrune ├── babel-types@6.21.0
132 silly idealTree:prePrune ├── babylon@6.15.0
132 silly idealTree:prePrune ├── balanced-match@0.4.2
132 silly idealTree:prePrune ├── big.js@3.1.3
132 silly idealTree:prePrune ├── bluebird@3.4.7
132 silly idealTree:prePrune ├── brace-expansion@1.1.6
132 silly idealTree:prePrune ├── browser-stdout@1.3.0
132 silly idealTree:prePrune ├── chalk@1.1.3
132 silly idealTree:prePrune ├── commander@2.9.0
132 silly idealTree:prePrune ├── commondir@1.0.1
132 silly idealTree:prePrune ├── concat-map@0.0.1
132 silly idealTree:prePrune ├── convert-source-map@1.3.0
132 silly idealTree:prePrune ├── core-js@2.4.1
132 silly idealTree:prePrune ├── debug@2.6.0
132 silly idealTree:prePrune ├── detect-indent@4.0.0
132 silly idealTree:prePrune ├── diff@1.4.0
132 silly idealTree:prePrune ├── emojis-list@2.1.0
132 silly idealTree:prePrune ├── escape-string-regexp@1.0.5
132 silly idealTree:prePrune ├── esutils@2.0.2
132 silly idealTree:prePrune ├── find-cache-dir@0.1.1
132 silly idealTree:prePrune ├── find-up@1.1.2
132 silly idealTree:prePrune ├── fs.realpath@1.0.0
132 silly idealTree:prePrune ├── glob@7.0.5
132 silly idealTree:prePrune ├── globals@9.14.0
132 silly idealTree:prePrune ├── graceful-readlink@1.0.1
132 silly idealTree:prePrune ├── growl@1.9.2
132 silly idealTree:prePrune ├── has-ansi@2.0.0
132 silly idealTree:prePrune ├── has-flag@1.0.0
132 silly idealTree:prePrune ├── home-or-tmp@2.0.0
132 silly idealTree:prePrune ├── inflight@1.0.6
132 silly idealTree:prePrune ├── inherits@2.0.3
132 silly idealTree:prePrune ├── invariant@2.2.2
132 silly idealTree:prePrune ├── is-finite@1.0.2
132 silly idealTree:prePrune ├── js-tokens@2.0.0
132 silly idealTree:prePrune ├── jsesc@1.3.0
132 silly idealTree:prePrune ├── json3@3.3.2
132 silly idealTree:prePrune ├── json5@0.5.1
132 silly idealTree:prePrune ├── loader-utils@0.2.16
132 silly idealTree:prePrune ├── lodash._baseassign@3.2.0
132 silly idealTree:prePrune ├── lodash._basecopy@3.0.1
132 silly idealTree:prePrune ├── lodash._basecreate@3.0.3
132 silly idealTree:prePrune ├── lodash._getnative@3.9.1
132 silly idealTree:prePrune ├── lodash._isiterateecall@3.0.9
132 silly idealTree:prePrune ├── lodash.create@3.1.1
132 silly idealTree:prePrune ├── lodash.isarguments@3.1.0
132 silly idealTree:prePrune ├── lodash.isarray@3.0.4
132 silly idealTree:prePrune ├── lodash.keys@3.1.2
132 silly idealTree:prePrune ├── lodash@4.17.4
132 silly idealTree:prePrune ├── loose-envify@1.3.0
132 silly idealTree:prePrune ├── minimatch@3.0.3
132 silly idealTree:prePrune ├── minimist@0.0.8
132 silly idealTree:prePrune ├── mkdirp@0.5.1
132 silly idealTree:prePrune ├─┬ mocha@3.2.0
132 silly idealTree:prePrune │ ├── debug@2.2.0
132 silly idealTree:prePrune │ ├── ms@0.7.1
132 silly idealTree:prePrune │ └── supports-color@3.1.2
132 silly idealTree:prePrune ├── ms@0.7.2
132 silly idealTree:prePrune ├── nan@1.0.0
132 silly idealTree:prePrune ├── number-is-nan@1.0.1
132 silly idealTree:prePrune ├── object-assign@4.1.0
132 silly idealTree:prePrune ├── once@1.4.0
132 silly idealTree:prePrune ├── os-homedir@1.0.2
132 silly idealTree:prePrune ├── os-tmpdir@1.0.2
132 silly idealTree:prePrune ├── path-exists@2.1.0
132 silly idealTree:prePrune ├── path-is-absolute@1.0.1
132 silly idealTree:prePrune ├── pinkie-promise@2.0.1
132 silly idealTree:prePrune ├── pinkie@2.0.4
132 silly idealTree:prePrune ├── pkg-dir@1.0.0
132 silly idealTree:prePrune ├── private@0.1.6
132 silly idealTree:prePrune ├── protobuf@0.11.0
132 silly idealTree:prePrune ├── regenerate@1.3.2
132 silly idealTree:prePrune ├── regenerator-runtime@0.10.1
132 silly idealTree:prePrune ├── regenerator-transform@0.9.8
132 silly idealTree:prePrune ├── regexpu-core@2.0.0
132 silly idealTree:prePrune ├── regjsgen@0.2.0
132 silly idealTree:prePrune ├─┬ regjsparser@0.1.5
132 silly idealTree:prePrune │ └── jsesc@0.5.0
132 silly idealTree:prePrune ├── repeating@2.0.1
132 silly idealTree:prePrune ├── slash@1.0.0
132 silly idealTree:prePrune ├── source-map-support@0.4.8
132 silly idealTree:prePrune ├── source-map@0.5.6
132 silly idealTree:prePrune ├── strip-ansi@3.0.1
132 silly idealTree:prePrune ├── supports-color@2.0.0
132 silly idealTree:prePrune ├── to-fast-properties@1.0.2
132 silly idealTree:prePrune └── wrappy@1.0.2
133 silly loadIdealTree Finishing
134 silly currentTree DiamondDB@1.0.0
134 silly currentTree ├── ansi-regex@2.1.1
134 silly currentTree ├── ansi-styles@2.2.1
134 silly currentTree ├── babel-code-frame@6.20.0
134 silly currentTree ├── babel-core@6.21.0
134 silly currentTree ├── babel-generator@6.21.0
134 silly currentTree ├── babel-helper-bindify-decorators@6.18.0
134 silly currentTree ├── babel-helper-builder-binary-assignment-operator-visitor@6.18.0
134 silly currentTree ├── babel-helper-call-delegate@6.18.0
134 silly currentTree ├── babel-helper-define-map@6.18.0
134 silly currentTree ├── babel-helper-explode-assignable-expression@6.18.0
134 silly currentTree ├── babel-helper-explode-class@6.18.0
134 silly currentTree ├── babel-helper-function-name@6.18.0
134 silly currentTree ├── babel-helper-get-function-arity@6.18.0
134 silly currentTree ├── babel-helper-hoist-variables@6.18.0
134 silly currentTree ├── babel-helper-optimise-call-expression@6.18.0
134 silly currentTree ├── babel-helper-regex@6.18.0
134 silly currentTree ├── babel-helper-remap-async-to-generator@6.20.3
134 silly currentTree ├── babel-helper-replace-supers@6.18.0
134 silly currentTree ├── babel-helpers@6.16.0
134 silly currentTree ├── babel-loader@6.2.10
134 silly currentTree ├── babel-messages@6.8.0
134 silly currentTree ├── babel-plugin-check-es2015-constants@6.8.0
134 silly currentTree ├── babel-plugin-syntax-async-functions@6.13.0
134 silly currentTree ├── babel-plugin-syntax-async-generators@6.13.0
134 silly currentTree ├── babel-plugin-syntax-class-properties@6.13.0
134 silly currentTree ├── babel-plugin-syntax-decorators@6.13.0
134 silly currentTree ├── babel-plugin-syntax-dynamic-import@6.18.0
134 silly currentTree ├── babel-plugin-syntax-exponentiation-operator@6.13.0
134 silly currentTree ├── babel-plugin-syntax-object-rest-spread@6.13.0
134 silly currentTree ├── babel-plugin-syntax-trailing-function-commas@6.20.0
134 silly currentTree ├── babel-plugin-transform-async-generator-functions@6.17.0
134 silly currentTree ├── babel-plugin-transform-async-to-generator@6.16.0
134 silly currentTree ├── babel-plugin-transform-class-properties@6.19.0
134 silly currentTree ├── babel-plugin-transform-decorators@6.13.0
134 silly currentTree ├── babel-plugin-transform-es2015-arrow-functions@6.8.0
134 silly currentTree ├── babel-plugin-transform-es2015-block-scoped-functions@6.8.0
134 silly currentTree ├── babel-plugin-transform-es2015-block-scoping@6.21.0
134 silly currentTree ├── babel-plugin-transform-es2015-classes@6.18.0
134 silly currentTree ├── babel-plugin-transform-es2015-computed-properties@6.8.0
134 silly currentTree ├── babel-plugin-transform-es2015-destructuring@6.19.0
134 silly currentTree ├── babel-plugin-transform-es2015-duplicate-keys@6.8.0
134 silly currentTree ├── babel-plugin-transform-es2015-for-of@6.18.0
134 silly currentTree ├── babel-plugin-transform-es2015-function-name@6.9.0
134 silly currentTree ├── babel-plugin-transform-es2015-literals@6.8.0
134 silly currentTree ├── babel-plugin-transform-es2015-modules-amd@6.18.0
134 silly currentTree ├── babel-plugin-transform-es2015-modules-commonjs@6.18.0
134 silly currentTree ├── babel-plugin-transform-es2015-modules-systemjs@6.19.0
134 silly currentTree ├── babel-plugin-transform-es2015-modules-umd@6.18.0
134 silly currentTree ├── babel-plugin-transform-es2015-object-super@6.8.0
134 silly currentTree ├── babel-plugin-transform-es2015-parameters@6.21.0
134 silly currentTree ├── babel-plugin-transform-es2015-shorthand-properties@6.18.0
134 silly currentTree ├── babel-plugin-transform-es2015-spread@6.8.0
134 silly currentTree ├── babel-plugin-transform-es2015-sticky-regex@6.8.0
134 silly currentTree ├── babel-plugin-transform-es2015-template-literals@6.8.0
134 silly currentTree ├── babel-plugin-transform-es2015-typeof-symbol@6.18.0
134 silly currentTree ├── babel-plugin-transform-es2015-unicode-regex@6.11.0
134 silly currentTree ├── babel-plugin-transform-exponentiation-operator@6.8.0
134 silly currentTree ├── babel-plugin-transform-object-rest-spread@6.20.2
134 silly currentTree ├── babel-plugin-transform-regenerator@6.21.0
134 silly currentTree ├── babel-plugin-transform-strict-mode@6.18.0
134 silly currentTree ├── babel-preset-es2015@6.18.0
134 silly currentTree ├── babel-preset-stage-2@6.18.0
134 silly currentTree ├── babel-preset-stage-3@6.17.0
134 silly currentTree ├── babel-register@6.18.0
134 silly currentTree ├── babel-runtime@6.20.0
134 silly currentTree ├── babel-template@6.16.0
134 silly currentTree ├── babel-traverse@6.21.0
134 silly currentTree ├── babel-types@6.21.0
134 silly currentTree ├── babylon@6.15.0
134 silly currentTree ├── balanced-match@0.4.2
134 silly currentTree ├── big.js@3.1.3
134 silly currentTree ├── bluebird@3.4.7
134 silly currentTree ├── brace-expansion@1.1.6
134 silly currentTree ├── browser-stdout@1.3.0
134 silly currentTree ├── chalk@1.1.3
134 silly currentTree ├── commander@2.9.0
134 silly currentTree ├── commondir@1.0.1
134 silly currentTree ├── concat-map@0.0.1
134 silly currentTree ├── convert-source-map@1.3.0
134 silly currentTree ├── core-js@2.4.1
134 silly currentTree ├── debug@2.6.0
134 silly currentTree ├── detect-indent@4.0.0
134 silly currentTree ├── diff@1.4.0
134 silly currentTree ├── emojis-list@2.1.0
134 silly currentTree ├── escape-string-regexp@1.0.5
134 silly currentTree ├── esutils@2.0.2
134 silly currentTree ├── find-cache-dir@0.1.1
134 silly currentTree ├── find-up@1.1.2
134 silly currentTree ├── fs.realpath@1.0.0
134 silly currentTree ├── glob@7.0.5
134 silly currentTree ├── globals@9.14.0
134 silly currentTree ├── graceful-readlink@1.0.1
134 silly currentTree ├── growl@1.9.2
134 silly currentTree ├── has-ansi@2.0.0
134 silly currentTree ├── has-flag@1.0.0
134 silly currentTree ├── home-or-tmp@2.0.0
134 silly currentTree ├── inflight@1.0.6
134 silly currentTree ├── inherits@2.0.3
134 silly currentTree ├── invariant@2.2.2
134 silly currentTree ├── is-finite@1.0.2
134 silly currentTree ├── js-tokens@2.0.0
134 silly currentTree ├── jsesc@1.3.0
134 silly currentTree ├── json3@3.3.2
134 silly currentTree ├── json5@0.5.1
134 silly currentTree ├── loader-utils@0.2.16
134 silly currentTree ├── lodash._baseassign@3.2.0
134 silly currentTree ├── lodash._basecopy@3.0.1
134 silly currentTree ├── lodash._basecreate@3.0.3
134 silly currentTree ├── lodash._getnative@3.9.1
134 silly currentTree ├── lodash._isiterateecall@3.0.9
134 silly currentTree ├── lodash.create@3.1.1
134 silly currentTree ├── lodash.isarguments@3.1.0
134 silly currentTree ├── lodash.isarray@3.0.4
134 silly currentTree ├── lodash.keys@3.1.2
134 silly currentTree ├── lodash@4.17.4
134 silly currentTree ├── loose-envify@1.3.0
134 silly currentTree ├── minimatch@3.0.3
134 silly currentTree ├── minimist@0.0.8
134 silly currentTree ├── mkdirp@0.5.1
134 silly currentTree ├─┬ mocha@3.2.0
134 silly currentTree │ ├── debug@2.2.0
134 silly currentTree │ ├── ms@0.7.1
134 silly currentTree │ └── supports-color@3.1.2
134 silly currentTree ├── ms@0.7.2
134 silly currentTree ├── number-is-nan@1.0.1
134 silly currentTree ├── object-assign@4.1.0
134 silly currentTree ├── once@1.4.0
134 silly currentTree ├── os-homedir@1.0.2
134 silly currentTree ├── os-tmpdir@1.0.2
134 silly currentTree ├── path-exists@2.1.0
134 silly currentTree ├── path-is-absolute@1.0.1
134 silly currentTree ├── pinkie-promise@2.0.1
134 silly currentTree ├── pinkie@2.0.4
134 silly currentTree ├── pkg-dir@1.0.0
134 silly currentTree ├── private@0.1.6
134 silly currentTree ├── regenerate@1.3.2
134 silly currentTree ├── regenerator-runtime@0.10.1
134 silly currentTree ├── regenerator-transform@0.9.8
134 silly currentTree ├── regexpu-core@2.0.0
134 silly currentTree ├── regjsgen@0.2.0
134 silly currentTree ├─┬ regjsparser@0.1.5
134 silly currentTree │ └── jsesc@0.5.0
134 silly currentTree ├── repeating@2.0.1
134 silly currentTree ├── slash@1.0.0
134 silly currentTree ├── source-map-support@0.4.8
134 silly currentTree ├── source-map@0.5.6
134 silly currentTree ├── strip-ansi@3.0.1
134 silly currentTree ├── supports-color@2.0.0
134 silly currentTree ├── to-fast-properties@1.0.2
134 silly currentTree └── wrappy@1.0.2
135 silly idealTree DiamondDB@1.0.0
135 silly idealTree ├── ansi-regex@2.1.1
135 silly idealTree ├── ansi-styles@2.2.1
135 silly idealTree ├── babel-code-frame@6.20.0
135 silly idealTree ├── babel-core@6.21.0
135 silly idealTree ├── babel-generator@6.21.0
135 silly idealTree ├── babel-helper-bindify-decorators@6.18.0
135 silly idealTree ├── babel-helper-builder-binary-assignment-operator-visitor@6.18.0
135 silly idealTree ├── babel-helper-call-delegate@6.18.0
135 silly idealTree ├── babel-helper-define-map@6.18.0
135 silly idealTree ├── babel-helper-explode-assignable-expression@6.18.0
135 silly idealTree ├── babel-helper-explode-class@6.18.0
135 silly idealTree ├── babel-helper-function-name@6.18.0
135 silly idealTree ├── babel-helper-get-function-arity@6.18.0
135 silly idealTree ├── babel-helper-hoist-variables@6.18.0
135 silly idealTree ├── babel-helper-optimise-call-expression@6.18.0
135 silly idealTree ├── babel-helper-regex@6.18.0
135 silly idealTree ├── babel-helper-remap-async-to-generator@6.20.3
135 silly idealTree ├── babel-helper-replace-supers@6.18.0
135 silly idealTree ├── babel-helpers@6.16.0
135 silly idealTree ├── babel-loader@6.2.10
135 silly idealTree ├── babel-messages@6.8.0
135 silly idealTree ├── babel-plugin-check-es2015-constants@6.8.0
135 silly idealTree ├── babel-plugin-syntax-async-functions@6.13.0
135 silly idealTree ├── babel-plugin-syntax-async-generators@6.13.0
135 silly idealTree ├── babel-plugin-syntax-class-properties@6.13.0
135 silly idealTree ├── babel-plugin-syntax-decorators@6.13.0
135 silly idealTree ├── babel-plugin-syntax-dynamic-import@6.18.0
135 silly idealTree ├── babel-plugin-syntax-exponentiation-operator@6.13.0
135 silly idealTree ├── babel-plugin-syntax-object-rest-spread@6.13.0
135 silly idealTree ├── babel-plugin-syntax-trailing-function-commas@6.20.0
135 silly idealTree ├── babel-plugin-transform-async-generator-functions@6.17.0
135 silly idealTree ├── babel-plugin-transform-async-to-generator@6.16.0
135 silly idealTree ├── babel-plugin-transform-class-properties@6.19.0
135 silly idealTree ├── babel-plugin-transform-decorators@6.13.0
135 silly idealTree ├── babel-plugin-transform-es2015-arrow-functions@6.8.0
135 silly idealTree ├── babel-plugin-transform-es2015-block-scoped-functions@6.8.0
135 silly idealTree ├── babel-plugin-transform-es2015-block-scoping@6.21.0
135 silly idealTree ├── babel-plugin-transform-es2015-classes@6.18.0
135 silly idealTree ├── babel-plugin-transform-es2015-computed-properties@6.8.0
135 silly idealTree ├── babel-plugin-transform-es2015-destructuring@6.19.0
135 silly idealTree ├── babel-plugin-transform-es2015-duplicate-keys@6.8.0
135 silly idealTree ├── babel-plugin-transform-es2015-for-of@6.18.0
135 silly idealTree ├── babel-plugin-transform-es2015-function-name@6.9.0
135 silly idealTree ├── babel-plugin-transform-es2015-literals@6.8.0
135 silly idealTree ├── babel-plugin-transform-es2015-modules-amd@6.18.0
135 silly idealTree ├── babel-plugin-transform-es2015-modules-commonjs@6.18.0
135 silly idealTree ├── babel-plugin-transform-es2015-modules-systemjs@6.19.0
135 silly idealTree ├── babel-plugin-transform-es2015-modules-umd@6.18.0
135 silly idealTree ├── babel-plugin-transform-es2015-object-super@6.8.0
135 silly idealTree ├── babel-plugin-transform-es2015-parameters@6.21.0
135 silly idealTree ├── babel-plugin-transform-es2015-shorthand-properties@6.18.0
135 silly idealTree ├── babel-plugin-transform-es2015-spread@6.8.0
135 silly idealTree ├── babel-plugin-transform-es2015-sticky-regex@6.8.0
135 silly idealTree ├── babel-plugin-transform-es2015-template-literals@6.8.0
135 silly idealTree ├── babel-plugin-transform-es2015-typeof-symbol@6.18.0
135 silly idealTree ├── babel-plugin-transform-es2015-unicode-regex@6.11.0
135 silly idealTree ├── babel-plugin-transform-exponentiation-operator@6.8.0
135 silly idealTree ├── babel-plugin-transform-object-rest-spread@6.20.2
135 silly idealTree ├── babel-plugin-transform-regenerator@6.21.0
135 silly idealTree ├── babel-plugin-transform-strict-mode@6.18.0
135 silly idealTree ├── babel-preset-es2015@6.18.0
135 silly idealTree ├── babel-preset-stage-2@6.18.0
135 silly idealTree ├── babel-preset-stage-3@6.17.0
135 silly idealTree ├── babel-register@6.18.0
135 silly idealTree ├── babel-runtime@6.20.0
135 silly idealTree ├── babel-template@6.16.0
135 silly idealTree ├── babel-traverse@6.21.0
135 silly idealTree ├── babel-types@6.21.0
135 silly idealTree ├── babylon@6.15.0
135 silly idealTree ├── balanced-match@0.4.2
135 silly idealTree ├── big.js@3.1.3
135 silly idealTree ├── bluebird@3.4.7
135 silly idealTree ├── brace-expansion@1.1.6
135 silly idealTree ├── browser-stdout@1.3.0
135 silly idealTree ├── chalk@1.1.3
135 silly idealTree ├── commander@2.9.0
135 silly idealTree ├── commondir@1.0.1
135 silly idealTree ├── concat-map@0.0.1
135 silly idealTree ├── convert-source-map@1.3.0
135 silly idealTree ├── core-js@2.4.1
135 silly idealTree ├── debug@2.6.0
135 silly idealTree ├── detect-indent@4.0.0
135 silly idealTree ├── diff@1.4.0
135 silly idealTree ├── emojis-list@2.1.0
135 silly idealTree ├── escape-string-regexp@1.0.5
135 silly idealTree ├── esutils@2.0.2
135 silly idealTree ├── find-cache-dir@0.1.1
135 silly idealTree ├── find-up@1.1.2
135 silly idealTree ├── fs.realpath@1.0.0
135 silly idealTree ├── glob@7.0.5
135 silly idealTree ├── globals@9.14.0
135 silly idealTree ├── graceful-readlink@1.0.1
135 silly idealTree ├── growl@1.9.2
135 silly idealTree ├── has-ansi@2.0.0
135 silly idealTree ├── has-flag@1.0.0
135 silly idealTree ├── home-or-tmp@2.0.0
135 silly idealTree ├── inflight@1.0.6
135 silly idealTree ├── inherits@2.0.3
135 silly idealTree ├── invariant@2.2.2
135 silly idealTree ├── is-finite@1.0.2
135 silly idealTree ├── js-tokens@2.0.0
135 silly idealTree ├── jsesc@1.3.0
135 silly idealTree ├── json3@3.3.2
135 silly idealTree ├── json5@0.5.1
135 silly idealTree ├── loader-utils@0.2.16
135 silly idealTree ├── lodash._baseassign@3.2.0
135 silly idealTree ├── lodash._basecopy@3.0.1
135 silly idealTree ├── lodash._basecreate@3.0.3
135 silly idealTree ├── lodash._getnative@3.9.1
135 silly idealTree ├── lodash._isiterateecall@3.0.9
135 silly idealTree ├── lodash.create@3.1.1
135 silly idealTree ├── lodash.isarguments@3.1.0
135 silly idealTree ├── lodash.isarray@3.0.4
135 silly idealTree ├── lodash.keys@3.1.2
135 silly idealTree ├── lodash@4.17.4
135 silly idealTree ├── loose-envify@1.3.0
135 silly idealTree ├── minimatch@3.0.3
135 silly idealTree ├── minimist@0.0.8
135 silly idealTree ├── mkdirp@0.5.1
135 silly idealTree ├─┬ mocha@3.2.0
135 silly idealTree │ ├── debug@2.2.0
135 silly idealTree │ ├── ms@0.7.1
135 silly idealTree │ └── supports-color@3.1.2
135 silly idealTree ├── ms@0.7.2
135 silly idealTree ├── nan@1.0.0
135 silly idealTree ├── number-is-nan@1.0.1
135 silly idealTree ├── object-assign@4.1.0
135 silly idealTree ├── once@1.4.0
135 silly idealTree ├── os-homedir@1.0.2
135 silly idealTree ├── os-tmpdir@1.0.2
135 silly idealTree ├── path-exists@2.1.0
135 silly idealTree ├── path-is-absolute@1.0.1
135 silly idealTree ├── pinkie-promise@2.0.1
135 silly idealTree ├── pinkie@2.0.4
135 silly idealTree ├── pkg-dir@1.0.0
135 silly idealTree ├── private@0.1.6
135 silly idealTree ├── protobuf@0.11.0
135 silly idealTree ├── regenerate@1.3.2
135 silly idealTree ├── regenerator-runtime@0.10.1
135 silly idealTree ├── regenerator-transform@0.9.8
135 silly idealTree ├── regexpu-core@2.0.0
135 silly idealTree ├── regjsgen@0.2.0
135 silly idealTree ├─┬ regjsparser@0.1.5
135 silly idealTree │ └── jsesc@0.5.0
135 silly idealTree ├── repeating@2.0.1
135 silly idealTree ├── slash@1.0.0
135 silly idealTree ├── source-map-support@0.4.8
135 silly idealTree ├── source-map@0.5.6
135 silly idealTree ├── strip-ansi@3.0.1
135 silly idealTree ├── supports-color@2.0.0
135 silly idealTree ├── to-fast-properties@1.0.2
135 silly idealTree └── wrappy@1.0.2
136 silly generateActionsToTake Starting
137 silly install generateActionsToTake
138 silly generateActionsToTake Finishing
139 silly diffTrees action count 2
140 silly diffTrees add nan@1.0.0
141 silly diffTrees add protobuf@0.11.0
142 silly decomposeActions action count 16
143 silly decomposeActions fetch nan@1.0.0
144 silly decomposeActions extract nan@1.0.0
145 silly decomposeActions test nan@1.0.0
146 silly decomposeActions preinstall nan@1.0.0
147 silly decomposeActions build nan@1.0.0
148 silly decomposeActions install nan@1.0.0
149 silly decomposeActions postinstall nan@1.0.0
150 silly decomposeActions finalize nan@1.0.0
151 silly decomposeActions fetch protobuf@0.11.0
152 silly decomposeActions extract protobuf@0.11.0
153 silly decomposeActions test protobuf@0.11.0
154 silly decomposeActions preinstall protobuf@0.11.0
155 silly decomposeActions build protobuf@0.11.0
156 silly decomposeActions install protobuf@0.11.0
157 silly decomposeActions postinstall protobuf@0.11.0
158 silly decomposeActions finalize protobuf@0.11.0
159 silly executeActions Starting
160 silly install executeActions
161 silly doSerial global-install 0
162 silly doParallel fetch 2
163 verbose correctMkdir /Users/james/.npm/_locks correctMkdir not in flight; initializing
164 verbose lock using /Users/james/.npm/_locks/staging-e0e1cee4907b6362.lock for /Users/james/projects6/diamond/node_modules/.staging
165 silly doParallel extract 2
166 silly extract nan@1.0.0
167 silly extract protobuf@0.11.0
168 verbose unbuild node_modules/.staging/nan-9f8b5d92
169 verbose unbuild node_modules/.staging/protobuf-212a46ae
170 silly gentlyRm /Users/james/projects6/diamond/node_modules/.staging/nan-9f8b5d92 is being purged from base /Users/james/projects6/diamond
171 verbose gentlyRm don't care about contents; nuking /Users/james/projects6/diamond/node_modules/.staging/nan-9f8b5d92
172 silly gentlyRm /Users/james/projects6/diamond/node_modules/.staging/protobuf-212a46ae is being purged from base /Users/james/projects6/diamond
173 verbose gentlyRm don't care about contents; nuking /Users/james/projects6/diamond/node_modules/.staging/protobuf-212a46ae
174 verbose tar unpack /Users/james/.npm/nan/1.0.0/package.tgz
175 verbose tar unpacking to /Users/james/projects6/diamond/node_modules/.staging/nan-9f8b5d92
176 silly gentlyRm /Users/james/projects6/diamond/node_modules/.staging/nan-9f8b5d92 is being purged
177 verbose gentlyRm don't care about contents; nuking /Users/james/projects6/diamond/node_modules/.staging/nan-9f8b5d92
178 verbose tar unpack /Users/james/.npm/protobuf/0.11.0/package.tgz
179 verbose tar unpacking to /Users/james/projects6/diamond/node_modules/.staging/protobuf-212a46ae
180 silly gentlyRm /Users/james/projects6/diamond/node_modules/.staging/protobuf-212a46ae is being purged
181 verbose gentlyRm don't care about contents; nuking /Users/james/projects6/diamond/node_modules/.staging/protobuf-212a46ae
182 silly gunzTarPerm modes [ '755', '644' ]
183 silly gunzTarPerm modes [ '755', '644' ]
184 silly gunzTarPerm extractEntry package.json
185 silly gunzTarPerm extractEntry package.json
186 silly gunzTarPerm extractEntry README.md
187 silly gunzTarPerm extractEntry LICENSE
188 silly gunzTarPerm extractEntry .npmignore
189 silly gunzTarPerm extractEntry README.md
190 silly gunzTarPerm extractEntry addon.cc
191 silly gunzTarPerm extractEntry binding.gyp
192 silly gunzTarPerm extractEntry include_dirs.js
193 silly gunzTarPerm extractEntry .dntrc
194 silly gunzTarPerm extractEntry build/config.gypi
195 silly gunzTarPerm extractEntry nan.h
196 silly gunzTarPerm extractEntry example/feeds.js
197 silly gunzTarPerm extractEntry example/protoservice.js
198 silly gunzTarPerm extractEntry example/feeds.desc
199 silly gunzTarPerm extractEntry example/feeds.proto
200 silly gunzTarPerm extractEntry example/protoservice.cc
201 silly gunzTarPerm extractEntry example/protoservice.pb.cc
202 silly gunzTarPerm extractEntry example/protoservice.pb.h
203 silly gunzTarPerm extractEntry example/protoservice.proto
204 silly gunzTarPerm extractEntry COPYING
205 silly gunzTarPerm extractEntry protobuf/CHANGES.txt
206 silly gunzTarPerm extractEntry protobuf/CONTRIBUTORS.txt
207 silly gunzTarPerm extractEntry protobuf/COPYING.txt
208 silly gunzTarPerm extractEntry protobuf/INSTALL.txt
209 silly gentlyRm /Users/james/projects6/diamond/node_modules/.staging/nan-9f8b5d92/node_modules is being purged
210 verbose gentlyRm don't care about contents; nuking /Users/james/projects6/diamond/node_modules/.staging/nan-9f8b5d92/node_modules
211 silly gunzTarPerm extractEntry protobuf/README.chromium
212 silly gunzTarPerm extractEntry protobuf/README.txt
213 silly gunzTarPerm extractEntry protobuf/config.h
214 silly gunzTarPerm extractEntry protobuf/protobuf.gyp
215 silly gunzTarPerm extractEntry protobuf/src/Makefile.am
216 silly gunzTarPerm extractEntry protobuf/src/google/protobuf/repeated_field.h
217 silly gunzTarPerm extractEntry protobuf/src/google/protobuf/compiler/parser.cc
218 silly gunzTarPerm extractEntry protobuf/src/google/protobuf/compiler/code_generator.cc
219 silly gunzTarPerm extractEntry protobuf/src/google/protobuf/compiler/command_line_interface.cc
220 silly gunzTarPerm extractEntry protobuf/src/google/protobuf/compiler/command_line_interface.h
221 silly gunzTarPerm extractEntry protobuf/src/google/protobuf/compiler/command_line_interface_unittest.cc
222 silly gunzTarPerm extractEntry protobuf/src/google/protobuf/compiler/cpp/cpp_helpers.h
223 silly gunzTarPerm extractEntry protobuf/src/google/protobuf/compiler/cpp/cpp_bootstrap_unittest.cc
224 silly gunzTarPerm extractEntry protobuf/src/google/protobuf/compiler/cpp/cpp_enum.h
225 silly gunzTarPerm extractEntry protobuf/src/google/protobuf/compiler/cpp/cpp_enum_field.cc
226 silly gunzTarPerm extractEntry protobuf/src/google/protobuf/compiler/cpp/cpp_enum_field.h
227 silly gunzTarPerm extractEntry protobuf/src/google/protobuf/compiler/cpp/cpp_extension.cc
228 silly gunzTarPerm extractEntry protobuf/src/google/protobuf/compiler/cpp/cpp_extension.h
229 silly gunzTarPerm extractEntry protobuf/src/google/protobuf/compiler/cpp/cpp_field.cc
230 silly gunzTarPerm extractEntry protobuf/src/google/protobuf/compiler/cpp/cpp_field.h
231 silly gunzTarPerm extractEntry protobuf/src/google/protobuf/compiler/cpp/cpp_file.cc
232 silly gunzTarPerm extractEntry protobuf/src/google/protobuf/compiler/cpp/cpp_file.h
233 silly gunzTarPerm extractEntry protobuf/src/google/protobuf/compiler/cpp/cpp_generator.cc
234 silly gunzTarPerm extractEntry protobuf/src/google/protobuf/compiler/cpp/cpp_generator.h
235 silly gunzTarPerm extractEntry protobuf/src/google/protobuf/compiler/cpp/cpp_helpers.cc
236 silly gunzTarPerm extractEntry protobuf/src/google/protobuf/compiler/cpp/cpp_enum.cc
237 silly gunzTarPerm extractEntry protobuf/src/google/protobuf/compiler/cpp/cpp_message.cc
238 silly gunzTarPerm extractEntry protobuf/src/google/protobuf/compiler/cpp/cpp_message.h
239 silly gunzTarPerm extractEntry protobuf/src/google/protobuf/compiler/cpp/cpp_message_field.cc
240 silly gunzTarPerm extractEntry protobuf/src/google/protobuf/compiler/cpp/cpp_message_field.h
241 silly gunzTarPerm extractEntry protobuf/src/google/protobuf/compiler/cpp/cpp_plugin_unittest.cc
242 silly gunzTarPerm extractEntry protobuf/src/google/protobuf/compiler/cpp/cpp_primitive_field.cc
243 silly gunzTarPerm extractEntry protobuf/src/google/protobuf/compiler/cpp/cpp_primitive_field.h
244 silly gunzTarPerm extractEntry protobuf/src/google/protobuf/compiler/cpp/cpp_service.cc
245 silly gunzTarPerm extractEntry protobuf/src/google/protobuf/compiler/cpp/cpp_service.h
246 silly gunzTarPerm extractEntry protobuf/src/google/protobuf/compiler/cpp/cpp_string_field.cc
247 silly gunzTarPerm extractEntry protobuf/src/google/protobuf/compiler/cpp/cpp_string_field.h
248 silly gunzTarPerm extractEntry protobuf/src/google/protobuf/compiler/cpp/cpp_test_bad_identifiers.proto
249 silly gunzTarPerm extractEntry protobuf/src/google/protobuf/compiler/cpp/cpp_unittest.cc
250 silly gunzTarPerm extractEntry protobuf/src/google/protobuf/compiler/importer.cc
251 silly gunzTarPerm extractEntry protobuf/src/google/protobuf/compiler/importer.h
252 silly gunzTarPerm extractEntry protobuf/src/google/protobuf/compiler/importer_unittest.cc
253 silly gunzTarPerm extractEntry protobuf/src/google/protobuf/compiler/java/java_helpers.cc
254 silly gunzTarPerm extractEntry protobuf/src/google/protobuf/compiler/java/java_enum.cc
255 silly gunzTarPerm extractEntry protobuf/src/google/protobuf/compiler/java/java_enum_field.cc
256 silly gunzTarPerm extractEntry protobuf/src/google/protobuf/compiler/java/java_enum_field.h
257 silly gunzTarPerm extractEntry protobuf/src/google/protobuf/compiler/java/java_extension.cc
258 silly gunzTarPerm extractEntry protobuf/src/google/protobuf/compiler/java/java_extension.h
259 silly gunzTarPerm extractEntry protobuf/src/google/protobuf/compiler/java/java_field.cc
260 silly gunzTarPerm extractEntry protobuf/src/google/protobuf/compiler/java/java_field.h
261 silly gunzTarPerm extractEntry protobuf/src/google/protobuf/compiler/java/java_file.cc
262 silly gunzTarPerm extractEntry protobuf/src/google/protobuf/compiler/java/java_file.h
263 silly gunzTarPerm extractEntry protobuf/src/google/protobuf/compiler/java/java_generator.cc
264 silly gunzTarPerm extractEntry protobuf/src/google/protobuf/compiler/java/java_generator.h
265 silly gunzTarPerm extractEntry protobuf/src/google/protobuf/compiler/java/java_enum.h
266 silly gunzTarPerm extractEntry protobuf/src/google/protobuf/compiler/java/java_helpers.h
267 silly gunzTarPerm extractEntry protobuf/src/google/protobuf/compiler/java/java_message.cc
268 silly gunzTarPerm extractEntry protobuf/src/google/protobuf/compiler/java/java_message.h
269 silly gunzTarPerm extractEntry protobuf/src/google/protobuf/compiler/java/java_message_field.cc
270 silly gunzTarPerm extractEntry protobuf/src/google/protobuf/compiler/java/java_message_field.h
271 silly gunzTarPerm extractEntry protobuf/src/google/protobuf/compiler/java/java_plugin_unittest.cc
272 silly gunzTarPerm extractEntry protobuf/src/google/protobuf/compiler/java/java_primitive_field.cc
273 silly gunzTarPerm extractEntry protobuf/src/google/protobuf/compiler/java/java_primitive_field.h
274 silly gunzTarPerm extractEntry protobuf/src/google/protobuf/compiler/java/java_service.cc
275 silly gunzTarPerm extractEntry protobuf/src/google/protobuf/compiler/java/java_service.h
276 silly gunzTarPerm extractEntry protobuf/src/google/protobuf/compiler/java/java_string_field.cc
277 silly gunzTarPerm extractEntry protobuf/src/google/protobuf/compiler/java/java_string_field.h
278 silly gunzTarPerm extractEntry protobuf/src/google/protobuf/compiler/main.cc
279 silly gunzTarPerm extractEntry protobuf/src/google/protobuf/compiler/mock_code_generator.cc
280 silly gunzTarPerm extractEntry protobuf/src/google/protobuf/compiler/mock_code_generator.h
281 silly gunzTarPerm extractEntry protobuf/src/google/protobuf/compiler/package_info.h
282 silly gunzTarPerm extractEntry protobuf/src/google/protobuf/compiler/code_generator.h
283 silly gunzTarPerm extractEntry protobuf/src/google/protobuf/compiler/parser.h
284 silly gunzTarPerm extractEntry protobuf/src/google/protobuf/compiler/parser_unittest.cc
285 silly gunzTarPerm extractEntry protobuf/src/google/protobuf/compiler/plugin.cc
286 silly gunzTarPerm extractEntry protobuf/src/google/protobuf/compiler/plugin.h
287 silly gunzTarPerm extractEntry protobuf/src/google/protobuf/compiler/plugin.pb.cc
288 silly gunzTarPerm extractEntry protobuf/src/google/protobuf/compiler/plugin.pb.h
289 silly gunzTarPerm extractEntry protobuf/src/google/protobuf/compiler/plugin.proto
290 silly gunzTarPerm extractEntry protobuf/src/google/protobuf/compiler/python/python_generator.cc
291 silly gunzTarPerm extractEntry protobuf/src/google/protobuf/compiler/python/python_generator.h
292 silly gunzTarPerm extractEntry protobuf/src/google/protobuf/compiler/python/python_plugin_unittest.cc
293 silly gunzTarPerm extractEntry protobuf/src/google/protobuf/compiler/subprocess.cc
294 silly gunzTarPerm extractEntry protobuf/src/google/protobuf/compiler/subprocess.h
295 silly gunzTarPerm extractEntry protobuf/src/google/protobuf/compiler/test_plugin.cc
296 silly gunzTarPerm extractEntry protobuf/src/google/protobuf/compiler/zip_output_unittest.sh
297 silly gunzTarPerm extractEntry protobuf/src/google/protobuf/compiler/zip_writer.cc
298 silly gunzTarPerm extractEntry protobuf/src/google/protobuf/compiler/zip_writer.h
299 silly gunzTarPerm extractEntry protobuf/src/google/protobuf/descriptor.h
300 silly gunzTarPerm extractEntry protobuf/src/google/protobuf/descriptor.pb.cc
301 silly gunzTarPerm extractEntry protobuf/src/google/protobuf/descriptor.pb.h
302 silly gunzTarPerm extractEntry protobuf/src/google/protobuf/descriptor.proto
303 silly gunzTarPerm extractEntry protobuf/src/google/protobuf/descriptor_database.cc
304 silly gunzTarPerm extractEntry protobuf/src/google/protobuf/descriptor_database.h
305 silly gunzTarPerm extractEntry protobuf/src/google/protobuf/descriptor_database_unittest.cc
306 silly gunzTarPerm extractEntry protobuf/src/google/protobuf/descriptor_unittest.cc
307 silly gunzTarPerm extractEntry protobuf/src/google/protobuf/dynamic_message.cc
308 silly gunzTarPerm extractEntry protobuf/src/google/protobuf/dynamic_message.h
309 silly gunzTarPerm extractEntry protobuf/src/google/protobuf/dynamic_message_unittest.cc
310 silly gunzTarPerm extractEntry protobuf/src/google/protobuf/extension_set.cc
311 silly gunzTarPerm extractEntry protobuf/src/google/protobuf/extension_set.h
312 silly gunzTarPerm extractEntry protobuf/src/google/protobuf/extension_set_heavy.cc
313 silly gunzTarPerm extractEntry protobuf/src/google/protobuf/extension_set_unittest.cc
314 silly gunzTarPerm extractEntry protobuf/src/google/protobuf/generated_message_reflection.cc
315 silly gunzTarPerm extractEntry protobuf/src/google/protobuf/generated_message_reflection.h
316 silly gunzTarPerm extractEntry protobuf/src/google/protobuf/generated_message_reflection_unittest.cc
317 silly gunzTarPerm extractEntry protobuf/src/google/protobuf/generated_message_util.cc
318 silly gunzTarPerm extractEntry protobuf/src/google/protobuf/generated_message_util.h
319 silly gunzTarPerm extractEntry protobuf/src/google/protobuf/io/printer_unittest.cc
320 silly gunzTarPerm extractEntry protobuf/src/google/protobuf/io/coded_stream.cc
321 silly gunzTarPerm extractEntry protobuf/src/google/protobuf/io/coded_stream_inl.h
322 silly gunzTarPerm extractEntry protobuf/src/google/protobuf/io/coded_stream_unittest.cc
323 silly gunzTarPerm extractEntry protobuf/src/google/protobuf/io/gzip_stream.cc
324 silly gunzTarPerm extractEntry protobuf/src/google/protobuf/io/gzip_stream.h
325 silly gunzTarPerm extractEntry protobuf/src/google/protobuf/io/gzip_stream_unittest.sh
326 silly gunzTarPerm extractEntry protobuf/src/google/protobuf/io/package_info.h
327 silly gunzTarPerm extractEntry protobuf/src/google/protobuf/io/printer.cc
328 silly gunzTarPerm extractEntry protobuf/src/google/protobuf/io/printer.h
329 silly gunzTarPerm extractEntry protobuf/src/google/protobuf/io/coded_stream.h
330 silly gunzTarPerm extractEntry protobuf/src/google/protobuf/io/tokenizer.cc
331 silly gunzTarPerm extractEntry protobuf/src/google/protobuf/io/tokenizer.h
332 silly gunzTarPerm extractEntry protobuf/src/google/protobuf/io/tokenizer_unittest.cc
333 silly gunzTarPerm extractEntry protobuf/src/google/protobuf/io/zero_copy_stream.cc
334 silly gunzTarPerm extractEntry protobuf/src/google/protobuf/io/zero_copy_stream.h
335 silly gunzTarPerm extractEntry protobuf/src/google/protobuf/io/zero_copy_stream_impl.cc
336 silly gunzTarPerm extractEntry protobuf/src/google/protobuf/io/zero_copy_stream_impl.h
337 silly gunzTarPerm extractEntry protobuf/src/google/protobuf/io/zero_copy_stream_impl_lite.cc
338 silly gunzTarPerm extractEntry protobuf/src/google/protobuf/io/zero_copy_stream_impl_lite.h
339 silly gunzTarPerm extractEntry protobuf/src/google/protobuf/io/zero_copy_stream_unittest.cc
340 silly gunzTarPerm extractEntry protobuf/src/google/protobuf/lite_unittest.cc
341 silly gunzTarPerm extractEntry protobuf/src/google/protobuf/message.cc
342 silly gunzTarPerm extractEntry protobuf/src/google/protobuf/message.h
343 silly gunzTarPerm extractEntry protobuf/src/google/protobuf/message_lite.cc
344 silly gunzTarPerm extractEntry protobuf/src/google/protobuf/message_lite.h
345 silly gunzTarPerm extractEntry protobuf/src/google/protobuf/message_unittest.cc
346 silly gunzTarPerm extractEntry protobuf/src/google/protobuf/package_info.h
347 silly gunzTarPerm extractEntry protobuf/src/google/protobuf/reflection_ops.cc
348 silly gunzTarPerm extractEntry protobuf/src/google/protobuf/reflection_ops.h
349 silly gunzTarPerm extractEntry protobuf/src/google/protobuf/reflection_ops_unittest.cc
350 silly gunzTarPerm extractEntry protobuf/src/google/protobuf/repeated_field.cc
351 silly gunzTarPerm extractEntry protobuf/src/google/protobuf/descriptor.cc
352 silly gunzTarPerm extractEntry protobuf/src/google/protobuf/repeated_field_unittest.cc
353 silly gunzTarPerm extractEntry protobuf/src/google/protobuf/service.cc
354 silly gunzTarPerm extractEntry protobuf/src/google/protobuf/service.h
355 silly gunzTarPerm extractEntry protobuf/src/google/protobuf/stubs/stl_util-inl.h
356 silly gunzTarPerm extractEntry protobuf/src/google/protobuf/stubs/common.cc
357 silly gunzTarPerm extractEntry protobuf/src/google/protobuf/stubs/common_unittest.cc
358 silly gunzTarPerm extractEntry protobuf/src/google/protobuf/stubs/hash.h
359 silly gunzTarPerm extractEntry protobuf/src/google/protobuf/stubs/map-util.h
360 silly gunzTarPerm extractEntry protobuf/src/google/protobuf/stubs/once.cc
361 silly gunzTarPerm extractEntry protobuf/src/google/protobuf/stubs/once.h
362 silly gunzTarPerm extractEntry protobuf/src/google/protobuf/stubs/once_unittest.cc
363 silly gunzTarPerm extractEntry protobuf/src/google/protobuf/stubs/common.h
364 silly gunzTarPerm extractEntry protobuf/src/google/protobuf/stubs/structurally_valid.cc
365 silly gunzTarPerm extractEntry protobuf/src/google/protobuf/stubs/structurally_valid_unittest.cc
366 silly gunzTarPerm extractEntry protobuf/src/google/protobuf/stubs/strutil.cc
367 silly gunzTarPerm extractEntry protobuf/src/google/protobuf/stubs/strutil.h
368 silly gunzTarPerm extractEntry protobuf/src/google/protobuf/stubs/strutil_unittest.cc
369 silly gunzTarPerm extractEntry protobuf/src/google/protobuf/stubs/substitute.cc
370 silly gunzTarPerm extractEntry protobuf/src/google/protobuf/stubs/substitute.h
371 silly gunzTarPerm extractEntry protobuf/src/google/protobuf/test_util.cc
372 silly gunzTarPerm extractEntry protobuf/src/google/protobuf/test_util.h
373 silly gunzTarPerm extractEntry protobuf/src/google/protobuf/test_util_lite.cc
374 silly gunzTarPerm extractEntry protobuf/src/google/protobuf/test_util_lite.h
375 silly gunzTarPerm extractEntry protobuf/src/google/protobuf/testdata/golden_message
376 silly gunzTarPerm extractEntry protobuf/src/google/protobuf/testdata/golden_packed_fields_message
377 silly gunzTarPerm extractEntry protobuf/src/google/protobuf/testdata/text_format_unittest_data.txt
378 silly gunzTarPerm extractEntry protobuf/src/google/protobuf/testdata/text_format_unittest_extensions_data.txt
379 silly gunzTarPerm extractEntry protobuf/src/google/protobuf/testing/file.cc
380 silly gunzTarPerm extractEntry protobuf/src/google/protobuf/testing/file.h
381 silly gunzTarPerm extractEntry protobuf/src/google/protobuf/testing/googletest.cc
382 silly gunzTarPerm extractEntry protobuf/src/google/protobuf/testing/googletest.h
383 silly gunzTarPerm extractEntry protobuf/src/google/protobuf/testing/zcgunzip.cc
384 silly gunzTarPerm extractEntry protobuf/src/google/protobuf/testing/zcgzip.cc
385 silly gunzTarPerm extractEntry protobuf/src/google/protobuf/text_format.cc
386 silly gunzTarPerm extractEntry protobuf/src/google/protobuf/text_format.h
387 silly gunzTarPerm extractEntry protobuf/src/google/protobuf/text_format_unittest.cc
388 silly gunzTarPerm extractEntry protobuf/src/google/protobuf/unittest.proto
389 silly gunzTarPerm extractEntry protobuf/src/google/protobuf/unittest_custom_options.proto
390 silly gunzTarPerm extractEntry protobuf/src/google/protobuf/unittest_embed_optimize_for.proto
391 silly gunzTarPerm extractEntry protobuf/src/google/protobuf/unittest_empty.proto
392 silly gunzTarPerm extractEntry protobuf/src/google/protobuf/unittest_enormous_descriptor.proto
393 silly gunzTarPerm extractEntry protobuf/src/google/protobuf/unittest_import.proto
394 silly gunzTarPerm extractEntry protobuf/src/google/protobuf/unittest_import_lite.proto
395 silly gunzTarPerm extractEntry protobuf/src/google/protobuf/unittest_lite.proto
396 silly gunzTarPerm extractEntry protobuf/src/google/protobuf/unittest_lite_imports_nonlite.proto
397 silly gunzTarPerm extractEntry protobuf/src/google/protobuf/unittest_mset.proto
398 silly gunzTarPerm extractEntry protobuf/src/google/protobuf/unittest_no_generic_services.proto
399 silly gunzTarPerm extractEntry protobuf/src/google/protobuf/unittest_optimize_for.proto
400 silly gunzTarPerm extractEntry protobuf/src/google/protobuf/unknown_field_set.cc
401 silly gunzTarPerm extractEntry protobuf/src/google/protobuf/unknown_field_set.h
402 silly gunzTarPerm extractEntry protobuf/src/google/protobuf/unknown_field_set_unittest.cc
403 silly gunzTarPerm extractEntry protobuf/src/google/protobuf/wire_format.cc
404 silly gunzTarPerm extractEntry protobuf/src/google/protobuf/wire_format.h
405 silly gunzTarPerm extractEntry protobuf/src/google/protobuf/wire_format_lite.cc
406 silly gunzTarPerm extractEntry protobuf/src/google/protobuf/wire_format_lite.h
407 silly gunzTarPerm extractEntry protobuf/src/google/protobuf/wire_format_lite_inl.h
408 silly gunzTarPerm extractEntry protobuf/src/google/protobuf/wire_format_unittest.cc
409 silly gunzTarPerm extractEntry protobuf/vsprojects/config.h
410 silly gunzTarPerm extractEntry protobuf/vsprojects/convert2008to2005.sh
411 silly gunzTarPerm extractEntry protobuf/vsprojects/extract_includes.bat
412 silly gunzTarPerm extractEntry protobuf/vsprojects/readme.txt
413 silly gunzTarPerm extractEntry protobuf_for_node.cc
414 silly gunzTarPerm extractEntry protobuf_for_node.h
415 silly gunzTarPerm extractEntry test/unittest.js
416 silly gunzTarPerm extractEntry test/golden_message
417 silly gunzTarPerm extractEntry test/unittest.desc
418 silly gunzTarPerm extractEntry wscript
419 silly gentlyRm /Users/james/projects6/diamond/node_modules/.staging/protobuf-212a46ae/node_modules is being purged
420 verbose gentlyRm don't care about contents; nuking /Users/james/projects6/diamond/node_modules/.staging/protobuf-212a46ae/node_modules
421 silly doParallel preinstall 2
422 silly preinstall nan@1.0.0 /Users/james/projects6/diamond/node_modules/.staging/nan-9f8b5d92
423 info lifecycle nan@1.0.0~preinstall: nan@1.0.0
424 silly preinstall protobuf@0.11.0 /Users/james/projects6/diamond/node_modules/.staging/protobuf-212a46ae
425 info lifecycle protobuf@0.11.0~preinstall: protobuf@0.11.0
426 silly lifecycle nan@1.0.0~preinstall: no script for preinstall, continuing
427 silly lifecycle protobuf@0.11.0~preinstall: no script for preinstall, continuing
428 silly doReverseSerial remove 0
429 silly doSerial move 0
430 silly doSerial finalize 2
431 silly finalize /Users/james/projects6/diamond/node_modules/nan
432 silly finalize /Users/james/projects6/diamond/node_modules/protobuf
433 silly doSerial build 2
434 silly build nan@1.0.0
435 info linkStuff nan@1.0.0
436 silly linkStuff nan@1.0.0 has /Users/james/projects6/diamond/node_modules as its parent node_modules
437 verbose linkBins nan@1.0.0
438 verbose linkMans nan@1.0.0
439 silly build protobuf@0.11.0
440 info linkStuff protobuf@0.11.0
441 silly linkStuff protobuf@0.11.0 has /Users/james/projects6/diamond/node_modules as its parent node_modules
442 verbose linkBins protobuf@0.11.0
443 verbose linkMans protobuf@0.11.0
444 silly doSerial global-link 0
445 silly doParallel update-linked 0
446 silly doSerial install 2
447 silly install nan@1.0.0 /Users/james/projects6/diamond/node_modules/.staging/nan-9f8b5d92
448 info lifecycle nan@1.0.0~install: nan@1.0.0
449 silly lifecycle nan@1.0.0~install: no script for install, continuing
450 silly install protobuf@0.11.0 /Users/james/projects6/diamond/node_modules/.staging/protobuf-212a46ae
451 info lifecycle protobuf@0.11.0~install: protobuf@0.11.0
452 verbose lifecycle protobuf@0.11.0~install: unsafe-perm in lifecycle true
453 verbose lifecycle protobuf@0.11.0~install: PATH: /usr/local/lib/node_modules/npm/bin/node-gyp-bin:/Users/james/projects6/diamond/node_modules/protobuf/node_modules/.bin:/Users/james/projects6/diamond/node_modules/.bin:/usr/local/Cellar/node/6.2.0/bin:/Users/james/.opam/system/bin:/Users/james/anaconda/bin:/usr/local/bin:/usr/bin:/bin:/usr/sbin:/sbin:/opt/X11/bin:/Users/james/downloads/infer-osx-v0.1.0/infer/infer/bin:/usr/local/sbin
454 verbose lifecycle protobuf@0.11.0~install: CWD: /Users/james/projects6/diamond/node_modules/protobuf
455 silly lifecycle protobuf@0.11.0~install: Args: [ '-c', 'node-gyp rebuild' ]
456 silly lifecycle protobuf@0.11.0~install: Returned: code: 1  signal: null
457 info lifecycle protobuf@0.11.0~install: Failed to exec install script
458 verbose unlock done using /Users/james/.npm/_locks/staging-e0e1cee4907b6362.lock for /Users/james/projects6/diamond/node_modules/.staging
459 silly rollbackFailedOptional Starting
460 silly rollbackFailedOptional Finishing
461 silly runTopLevelLifecycles Starting
462 silly runTopLevelLifecycles Finishing
463 silly install printInstalled
464 warn babel-loader@6.2.10 requires a peer of webpack@1 || 2 || ^2.1.0-beta || ^2.2.0-rc but none was installed.
465 warn DiamondDB@1.0.0 No repository field.
466 verbose stack Error: protobuf@0.11.0 install: `node-gyp rebuild`
466 verbose stack Exit status 1
466 verbose stack     at EventEmitter.<anonymous> (/usr/local/lib/node_modules/npm/lib/utils/lifecycle.js:239:16)
466 verbose stack     at emitTwo (events.js:106:13)
466 verbose stack     at EventEmitter.emit (events.js:191:7)
466 verbose stack     at ChildProcess.<anonymous> (/usr/local/lib/node_modules/npm/lib/utils/spawn.js:24:14)
466 verbose stack     at emitTwo (events.js:106:13)
466 verbose stack     at ChildProcess.emit (events.js:191:7)
466 verbose stack     at maybeClose (internal/child_process.js:850:16)
466 verbose stack     at Process.ChildProcess._handle.onexit (internal/child_process.js:215:5)
467 verbose pkgid protobuf@0.11.0
468 verbose cwd /Users/james/projects6/diamond
469 error Darwin 15.2.0
470 error argv "/usr/local/Cellar/node/6.2.0/bin/node" "/usr/local/bin/npm" "install" "--save" "protobuf"
471 error node v6.2.0
472 error npm  v3.8.5
473 error code ELIFECYCLE
474 error protobuf@0.11.0 install: `node-gyp rebuild`
474 error Exit status 1
475 error Failed at the protobuf@0.11.0 install script 'node-gyp rebuild'.
475 error Make sure you have the latest version of node.js and npm installed.
475 error If you do, this is most likely a problem with the protobuf package,
475 error not with npm itself.
475 error Tell the author that this fails on your system:
475 error     node-gyp rebuild
475 error You can get information on how to open an issue for this project with:
475 error     npm bugs protobuf
475 error Or if that isn't available, you can get their info via:
475 error     npm owner ls protobuf
475 error There is likely additional logging output above.
476 verbose exit [ 1, true ]
